package configuration for openssl
cflags: 
ldflags: 
libs: -lssl -lcrypto -lz

have_library: checking for main() in -lcrypto... -------------------- yes

"clang -o conftest -I/Users/AllenLee/.rbenv/versions/1.9.3-p551/include/ruby-1.9.1/x86_64-darwin16.3.0 -I/Users/AllenLee/.rbenv/versions/1.9.3-p551/include/ruby-1.9.1/ruby/backward -I/Users/AllenLee/.rbenv/versions/1.9.3-p551/include/ruby-1.9.1 -I. -I/Users/AllenLee/.rbenv/versions/1.9.3-p551/include  -D_XOPEN_SOURCE -D_DARWIN_C_SOURCE  -I/Users/AllenLee/.rbenv/versions/1.9.3-p551/include   -O3 -Wno-error=shorten-64-to-32  -pipe  conftest.c  -L. -L/Users/AllenLee/.rbenv/versions/1.9.3-p551/lib -L. -L/Users/AllenLee/.rbenv/versions/1.9.3-p551/lib       -lssl -lcrypto -lz -lruby-static  -lpthread -ldl -lobjc "
checked program was:
/* begin */
1: #include "ruby.h"
2: 
3: int main(int argc, char **argv)
4: {
5:   return 0;
6: }
/* end */

"clang -o conftest -I/Users/AllenLee/.rbenv/versions/1.9.3-p551/include/ruby-1.9.1/x86_64-darwin16.3.0 -I/Users/AllenLee/.rbenv/versions/1.9.3-p551/include/ruby-1.9.1/ruby/backward -I/Users/AllenLee/.rbenv/versions/1.9.3-p551/include/ruby-1.9.1 -I. -I/Users/AllenLee/.rbenv/versions/1.9.3-p551/include  -D_XOPEN_SOURCE -D_DARWIN_C_SOURCE  -I/Users/AllenLee/.rbenv/versions/1.9.3-p551/include   -O3 -Wno-error=shorten-64-to-32  -pipe  conftest.c  -L. -L/Users/AllenLee/.rbenv/versions/1.9.3-p551/lib -L. -L/Users/AllenLee/.rbenv/versions/1.9.3-p551/lib       -lssl -lcrypto -lz -lruby-static  -lssl -lcrypto -lz -lcrypto -lpthread -ldl -lobjc "
conftest.c:4:53: error: use of undeclared identifier 'main'
int t() { void ((*volatile p)()); p = (void ((*)()))main; return 0; }
                                                    ^
1 error generated.
checked program was:
/* begin */
 1: #include "ruby.h"
 2: 
 3: /*top*/
 4: int t() { void ((*volatile p)()); p = (void ((*)()))main; return 0; }
 5: int main(int argc, char **argv)
 6: {
 7:   if (argc > 1000000) {
 8:     printf("%p", &t);
 9:   }
10: 
11:   return 0;
12: }
/* end */

"clang -o conftest -I/Users/AllenLee/.rbenv/versions/1.9.3-p551/include/ruby-1.9.1/x86_64-darwin16.3.0 -I/Users/AllenLee/.rbenv/versions/1.9.3-p551/include/ruby-1.9.1/ruby/backward -I/Users/AllenLee/.rbenv/versions/1.9.3-p551/include/ruby-1.9.1 -I. -I/Users/AllenLee/.rbenv/versions/1.9.3-p551/include  -D_XOPEN_SOURCE -D_DARWIN_C_SOURCE  -I/Users/AllenLee/.rbenv/versions/1.9.3-p551/include   -O3 -Wno-error=shorten-64-to-32  -pipe  conftest.c  -L. -L/Users/AllenLee/.rbenv/versions/1.9.3-p551/lib -L. -L/Users/AllenLee/.rbenv/versions/1.9.3-p551/lib       -lssl -lcrypto -lz -lruby-static  -lssl -lcrypto -lz -lcrypto -lpthread -ldl -lobjc "
conftest.c:4:11: warning: implicit declaration of function 'main' is invalid in C99 [-Wimplicit-function-declaration]
int t() { main(); return 0; }
          ^
1 warning generated.
checked program was:
/* begin */
 1: #include "ruby.h"
 2: 
 3: /*top*/
 4: int t() { main(); return 0; }
 5: int main(int argc, char **argv)
 6: {
 7:   if (argc > 1000000) {
 8:     printf("%p", &t);
 9:   }
10: 
11:   return 0;
12: }
/* end */

--------------------

have_library: checking for main() in -lssl... -------------------- yes

"clang -o conftest -I/Users/AllenLee/.rbenv/versions/1.9.3-p551/include/ruby-1.9.1/x86_64-darwin16.3.0 -I/Users/AllenLee/.rbenv/versions/1.9.3-p551/include/ruby-1.9.1/ruby/backward -I/Users/AllenLee/.rbenv/versions/1.9.3-p551/include/ruby-1.9.1 -I. -I/Users/AllenLee/.rbenv/versions/1.9.3-p551/include  -D_XOPEN_SOURCE -D_DARWIN_C_SOURCE  -I/Users/AllenLee/.rbenv/versions/1.9.3-p551/include   -O3 -Wno-error=shorten-64-to-32  -pipe  conftest.c  -L. -L/Users/AllenLee/.rbenv/versions/1.9.3-p551/lib -L. -L/Users/AllenLee/.rbenv/versions/1.9.3-p551/lib       -lssl -lcrypto -lz -lcrypto -lruby-static  -lssl -lcrypto -lz -lcrypto -lssl -lpthread -ldl -lobjc "
conftest.c:4:53: error: use of undeclared identifier 'main'
int t() { void ((*volatile p)()); p = (void ((*)()))main; return 0; }
                                                    ^
1 error generated.
checked program was:
/* begin */
 1: #include "ruby.h"
 2: 
 3: /*top*/
 4: int t() { void ((*volatile p)()); p = (void ((*)()))main; return 0; }
 5: int main(int argc, char **argv)
 6: {
 7:   if (argc > 1000000) {
 8:     printf("%p", &t);
 9:   }
10: 
11:   return 0;
12: }
/* end */

"clang -o conftest -I/Users/AllenLee/.rbenv/versions/1.9.3-p551/include/ruby-1.9.1/x86_64-darwin16.3.0 -I/Users/AllenLee/.rbenv/versions/1.9.3-p551/include/ruby-1.9.1/ruby/backward -I/Users/AllenLee/.rbenv/versions/1.9.3-p551/include/ruby-1.9.1 -I. -I/Users/AllenLee/.rbenv/versions/1.9.3-p551/include  -D_XOPEN_SOURCE -D_DARWIN_C_SOURCE  -I/Users/AllenLee/.rbenv/versions/1.9.3-p551/include   -O3 -Wno-error=shorten-64-to-32  -pipe  conftest.c  -L. -L/Users/AllenLee/.rbenv/versions/1.9.3-p551/lib -L. -L/Users/AllenLee/.rbenv/versions/1.9.3-p551/lib       -lssl -lcrypto -lz -lcrypto -lruby-static  -lssl -lcrypto -lz -lcrypto -lssl -lpthread -ldl -lobjc "
conftest.c:4:11: warning: implicit declaration of function 'main' is invalid in C99 [-Wimplicit-function-declaration]
int t() { main(); return 0; }
          ^
1 warning generated.
checked program was:
/* begin */
 1: #include "ruby.h"
 2: 
 3: /*top*/
 4: int t() { main(); return 0; }
 5: int main(int argc, char **argv)
 6: {
 7:   if (argc > 1000000) {
 8:     printf("%p", &t);
 9:   }
10: 
11:   return 0;
12: }
/* end */

--------------------

have_header: checking for openssl/ssl.h... -------------------- no

"clang -E -I/Users/AllenLee/.rbenv/versions/1.9.3-p551/include/ruby-1.9.1/x86_64-darwin16.3.0 -I/Users/AllenLee/.rbenv/versions/1.9.3-p551/include/ruby-1.9.1/ruby/backward -I/Users/AllenLee/.rbenv/versions/1.9.3-p551/include/ruby-1.9.1 -I. -I/Users/AllenLee/.rbenv/versions/1.9.3-p551/include  -D_XOPEN_SOURCE -D_DARWIN_C_SOURCE  -I/Users/AllenLee/.rbenv/versions/1.9.3-p551/include   -O3 -Wno-error=shorten-64-to-32  -pipe   conftest.c -o conftest.i"
conftest.c:3:10: fatal error: 'openssl/ssl.h' file not found
#include <openssl/ssl.h>
         ^
1 error generated.
checked program was:
/* begin */
1: #include "ruby.h"
2: 
3: #include <openssl/ssl.h>
/* end */

--------------------

have_library: checking for main() in -lcrypto... -------------------- yes

"clang -o conftest -I/Users/AllenLee/.rbenv/versions/1.9.3-p551/include/ruby-1.9.1/x86_64-darwin16.3.0 -I/Users/AllenLee/.rbenv/versions/1.9.3-p551/include/ruby-1.9.1/ruby/backward -I/Users/AllenLee/.rbenv/versions/1.9.3-p551/include/ruby-1.9.1 -I. -I/usr/local/include -I/Users/AllenLee/.rbenv/versions/1.9.3-p551/include  -D_XOPEN_SOURCE -D_DARWIN_C_SOURCE  -I/Users/AllenLee/.rbenv/versions/1.9.3-p551/include   -O3 -Wno-error=shorten-64-to-32  -pipe  conftest.c  -L. -L/Users/AllenLee/.rbenv/versions/1.9.3-p551/lib -L/usr/local/lib -L. -L/Users/AllenLee/.rbenv/versions/1.9.3-p551/lib       -lssl -lcrypto -lz -lcrypto -lssl -lruby-static  -lssl -lcrypto -lz -lcrypto -lssl -lcrypto -lpthread -ldl -lobjc "
conftest.c:4:53: error: use of undeclared identifier 'main'
int t() { void ((*volatile p)()); p = (void ((*)()))main; return 0; }
                                                    ^
1 error generated.
checked program was:
/* begin */
 1: #include "ruby.h"
 2: 
 3: /*top*/
 4: int t() { void ((*volatile p)()); p = (void ((*)()))main; return 0; }
 5: int main(int argc, char **argv)
 6: {
 7:   if (argc > 1000000) {
 8:     printf("%p", &t);
 9:   }
10: 
11:   return 0;
12: }
/* end */

"clang -o conftest -I/Users/AllenLee/.rbenv/versions/1.9.3-p551/include/ruby-1.9.1/x86_64-darwin16.3.0 -I/Users/AllenLee/.rbenv/versions/1.9.3-p551/include/ruby-1.9.1/ruby/backward -I/Users/AllenLee/.rbenv/versions/1.9.3-p551/include/ruby-1.9.1 -I. -I/usr/local/include -I/Users/AllenLee/.rbenv/versions/1.9.3-p551/include  -D_XOPEN_SOURCE -D_DARWIN_C_SOURCE  -I/Users/AllenLee/.rbenv/versions/1.9.3-p551/include   -O3 -Wno-error=shorten-64-to-32  -pipe  conftest.c  -L. -L/Users/AllenLee/.rbenv/versions/1.9.3-p551/lib -L/usr/local/lib -L. -L/Users/AllenLee/.rbenv/versions/1.9.3-p551/lib       -lssl -lcrypto -lz -lcrypto -lssl -lruby-static  -lssl -lcrypto -lz -lcrypto -lssl -lcrypto -lpthread -ldl -lobjc "
conftest.c:4:11: warning: implicit declaration of function 'main' is invalid in C99 [-Wimplicit-function-declaration]
int t() { main(); return 0; }
          ^
1 warning generated.
checked program was:
/* begin */
 1: #include "ruby.h"
 2: 
 3: /*top*/
 4: int t() { main(); return 0; }
 5: int main(int argc, char **argv)
 6: {
 7:   if (argc > 1000000) {
 8:     printf("%p", &t);
 9:   }
10: 
11:   return 0;
12: }
/* end */

--------------------

have_library: checking for main() in -lssl... -------------------- yes

"clang -o conftest -I/Users/AllenLee/.rbenv/versions/1.9.3-p551/include/ruby-1.9.1/x86_64-darwin16.3.0 -I/Users/AllenLee/.rbenv/versions/1.9.3-p551/include/ruby-1.9.1/ruby/backward -I/Users/AllenLee/.rbenv/versions/1.9.3-p551/include/ruby-1.9.1 -I. -I/usr/local/include -I/Users/AllenLee/.rbenv/versions/1.9.3-p551/include  -D_XOPEN_SOURCE -D_DARWIN_C_SOURCE  -I/Users/AllenLee/.rbenv/versions/1.9.3-p551/include   -O3 -Wno-error=shorten-64-to-32  -pipe  conftest.c  -L. -L/Users/AllenLee/.rbenv/versions/1.9.3-p551/lib -L/usr/local/lib -L. -L/Users/AllenLee/.rbenv/versions/1.9.3-p551/lib       -lssl -lcrypto -lz -lcrypto -lssl -lcrypto -lruby-static  -lssl -lcrypto -lz -lcrypto -lssl -lcrypto -lssl -lpthread -ldl -lobjc "
conftest.c:4:53: error: use of undeclared identifier 'main'
int t() { void ((*volatile p)()); p = (void ((*)()))main; return 0; }
                                                    ^
1 error generated.
checked program was:
/* begin */
 1: #include "ruby.h"
 2: 
 3: /*top*/
 4: int t() { void ((*volatile p)()); p = (void ((*)()))main; return 0; }
 5: int main(int argc, char **argv)
 6: {
 7:   if (argc > 1000000) {
 8:     printf("%p", &t);
 9:   }
10: 
11:   return 0;
12: }
/* end */

"clang -o conftest -I/Users/AllenLee/.rbenv/versions/1.9.3-p551/include/ruby-1.9.1/x86_64-darwin16.3.0 -I/Users/AllenLee/.rbenv/versions/1.9.3-p551/include/ruby-1.9.1/ruby/backward -I/Users/AllenLee/.rbenv/versions/1.9.3-p551/include/ruby-1.9.1 -I. -I/usr/local/include -I/Users/AllenLee/.rbenv/versions/1.9.3-p551/include  -D_XOPEN_SOURCE -D_DARWIN_C_SOURCE  -I/Users/AllenLee/.rbenv/versions/1.9.3-p551/include   -O3 -Wno-error=shorten-64-to-32  -pipe  conftest.c  -L. -L/Users/AllenLee/.rbenv/versions/1.9.3-p551/lib -L/usr/local/lib -L. -L/Users/AllenLee/.rbenv/versions/1.9.3-p551/lib       -lssl -lcrypto -lz -lcrypto -lssl -lcrypto -lruby-static  -lssl -lcrypto -lz -lcrypto -lssl -lcrypto -lssl -lpthread -ldl -lobjc "
conftest.c:4:11: warning: implicit declaration of function 'main' is invalid in C99 [-Wimplicit-function-declaration]
int t() { main(); return 0; }
          ^
1 warning generated.
checked program was:
/* begin */
 1: #include "ruby.h"
 2: 
 3: /*top*/
 4: int t() { main(); return 0; }
 5: int main(int argc, char **argv)
 6: {
 7:   if (argc > 1000000) {
 8:     printf("%p", &t);
 9:   }
10: 
11:   return 0;
12: }
/* end */

--------------------

have_header: checking for openssl/ssl.h... -------------------- no

"clang -E -I/Users/AllenLee/.rbenv/versions/1.9.3-p551/include/ruby-1.9.1/x86_64-darwin16.3.0 -I/Users/AllenLee/.rbenv/versions/1.9.3-p551/include/ruby-1.9.1/ruby/backward -I/Users/AllenLee/.rbenv/versions/1.9.3-p551/include/ruby-1.9.1 -I. -I/usr/local/include -I/Users/AllenLee/.rbenv/versions/1.9.3-p551/include  -D_XOPEN_SOURCE -D_DARWIN_C_SOURCE  -I/Users/AllenLee/.rbenv/versions/1.9.3-p551/include   -O3 -Wno-error=shorten-64-to-32  -pipe   conftest.c -o conftest.i"
conftest.c:3:10: fatal error: 'openssl/ssl.h' file not found
#include <openssl/ssl.h>
         ^
1 error generated.
checked program was:
/* begin */
1: #include "ruby.h"
2: 
3: #include <openssl/ssl.h>
/* end */

--------------------

have_library: checking for main() in -lcrypto... -------------------- yes

"clang -o conftest -I/Users/AllenLee/.rbenv/versions/1.9.3-p551/include/ruby-1.9.1/x86_64-darwin16.3.0 -I/Users/AllenLee/.rbenv/versions/1.9.3-p551/include/ruby-1.9.1/ruby/backward -I/Users/AllenLee/.rbenv/versions/1.9.3-p551/include/ruby-1.9.1 -I. -I/opt/local/include -I/usr/local/include -I/Users/AllenLee/.rbenv/versions/1.9.3-p551/include  -D_XOPEN_SOURCE -D_DARWIN_C_SOURCE  -I/Users/AllenLee/.rbenv/versions/1.9.3-p551/include   -O3 -Wno-error=shorten-64-to-32  -pipe  conftest.c  -L. -L/Users/AllenLee/.rbenv/versions/1.9.3-p551/lib -L/opt/local/lib -L/usr/local/lib -L. -L/Users/AllenLee/.rbenv/versions/1.9.3-p551/lib       -lssl -lcrypto -lz -lcrypto -lssl -lcrypto -lssl -lruby-static  -lssl -lcrypto -lz -lcrypto -lssl -lcrypto -lssl -lcrypto -lpthread -ldl -lobjc "
conftest.c:4:53: error: use of undeclared identifier 'main'
int t() { void ((*volatile p)()); p = (void ((*)()))main; return 0; }
                                                    ^
1 error generated.
checked program was:
/* begin */
 1: #include "ruby.h"
 2: 
 3: /*top*/
 4: int t() { void ((*volatile p)()); p = (void ((*)()))main; return 0; }
 5: int main(int argc, char **argv)
 6: {
 7:   if (argc > 1000000) {
 8:     printf("%p", &t);
 9:   }
10: 
11:   return 0;
12: }
/* end */

"clang -o conftest -I/Users/AllenLee/.rbenv/versions/1.9.3-p551/include/ruby-1.9.1/x86_64-darwin16.3.0 -I/Users/AllenLee/.rbenv/versions/1.9.3-p551/include/ruby-1.9.1/ruby/backward -I/Users/AllenLee/.rbenv/versions/1.9.3-p551/include/ruby-1.9.1 -I. -I/opt/local/include -I/usr/local/include -I/Users/AllenLee/.rbenv/versions/1.9.3-p551/include  -D_XOPEN_SOURCE -D_DARWIN_C_SOURCE  -I/Users/AllenLee/.rbenv/versions/1.9.3-p551/include   -O3 -Wno-error=shorten-64-to-32  -pipe  conftest.c  -L. -L/Users/AllenLee/.rbenv/versions/1.9.3-p551/lib -L/opt/local/lib -L/usr/local/lib -L. -L/Users/AllenLee/.rbenv/versions/1.9.3-p551/lib       -lssl -lcrypto -lz -lcrypto -lssl -lcrypto -lssl -lruby-static  -lssl -lcrypto -lz -lcrypto -lssl -lcrypto -lssl -lcrypto -lpthread -ldl -lobjc "
conftest.c:4:11: warning: implicit declaration of function 'main' is invalid in C99 [-Wimplicit-function-declaration]
int t() { main(); return 0; }
          ^
1 warning generated.
ld: warning: directory not found for option '-L/opt/local/lib'
checked program was:
/* begin */
 1: #include "ruby.h"
 2: 
 3: /*top*/
 4: int t() { main(); return 0; }
 5: int main(int argc, char **argv)
 6: {
 7:   if (argc > 1000000) {
 8:     printf("%p", &t);
 9:   }
10: 
11:   return 0;
12: }
/* end */

--------------------

have_library: checking for main() in -lssl... -------------------- yes

"clang -o conftest -I/Users/AllenLee/.rbenv/versions/1.9.3-p551/include/ruby-1.9.1/x86_64-darwin16.3.0 -I/Users/AllenLee/.rbenv/versions/1.9.3-p551/include/ruby-1.9.1/ruby/backward -I/Users/AllenLee/.rbenv/versions/1.9.3-p551/include/ruby-1.9.1 -I. -I/opt/local/include -I/usr/local/include -I/Users/AllenLee/.rbenv/versions/1.9.3-p551/include  -D_XOPEN_SOURCE -D_DARWIN_C_SOURCE  -I/Users/AllenLee/.rbenv/versions/1.9.3-p551/include   -O3 -Wno-error=shorten-64-to-32  -pipe  conftest.c  -L. -L/Users/AllenLee/.rbenv/versions/1.9.3-p551/lib -L/opt/local/lib -L/usr/local/lib -L. -L/Users/AllenLee/.rbenv/versions/1.9.3-p551/lib       -lssl -lcrypto -lz -lcrypto -lssl -lcrypto -lssl -lcrypto -lruby-static  -lssl -lcrypto -lz -lcrypto -lssl -lcrypto -lssl -lcrypto -lssl -lpthread -ldl -lobjc "
conftest.c:4:53: error: use of undeclared identifier 'main'
int t() { void ((*volatile p)()); p = (void ((*)()))main; return 0; }
                                                    ^
1 error generated.
checked program was:
/* begin */
 1: #include "ruby.h"
 2: 
 3: /*top*/
 4: int t() { void ((*volatile p)()); p = (void ((*)()))main; return 0; }
 5: int main(int argc, char **argv)
 6: {
 7:   if (argc > 1000000) {
 8:     printf("%p", &t);
 9:   }
10: 
11:   return 0;
12: }
/* end */

"clang -o conftest -I/Users/AllenLee/.rbenv/versions/1.9.3-p551/include/ruby-1.9.1/x86_64-darwin16.3.0 -I/Users/AllenLee/.rbenv/versions/1.9.3-p551/include/ruby-1.9.1/ruby/backward -I/Users/AllenLee/.rbenv/versions/1.9.3-p551/include/ruby-1.9.1 -I. -I/opt/local/include -I/usr/local/include -I/Users/AllenLee/.rbenv/versions/1.9.3-p551/include  -D_XOPEN_SOURCE -D_DARWIN_C_SOURCE  -I/Users/AllenLee/.rbenv/versions/1.9.3-p551/include   -O3 -Wno-error=shorten-64-to-32  -pipe  conftest.c  -L. -L/Users/AllenLee/.rbenv/versions/1.9.3-p551/lib -L/opt/local/lib -L/usr/local/lib -L. -L/Users/AllenLee/.rbenv/versions/1.9.3-p551/lib       -lssl -lcrypto -lz -lcrypto -lssl -lcrypto -lssl -lcrypto -lruby-static  -lssl -lcrypto -lz -lcrypto -lssl -lcrypto -lssl -lcrypto -lssl -lpthread -ldl -lobjc "
conftest.c:4:11: warning: implicit declaration of function 'main' is invalid in C99 [-Wimplicit-function-declaration]
int t() { main(); return 0; }
          ^
1 warning generated.
ld: warning: directory not found for option '-L/opt/local/lib'
checked program was:
/* begin */
 1: #include "ruby.h"
 2: 
 3: /*top*/
 4: int t() { main(); return 0; }
 5: int main(int argc, char **argv)
 6: {
 7:   if (argc > 1000000) {
 8:     printf("%p", &t);
 9:   }
10: 
11:   return 0;
12: }
/* end */

--------------------

have_header: checking for openssl/ssl.h... -------------------- no

"clang -E -I/Users/AllenLee/.rbenv/versions/1.9.3-p551/include/ruby-1.9.1/x86_64-darwin16.3.0 -I/Users/AllenLee/.rbenv/versions/1.9.3-p551/include/ruby-1.9.1/ruby/backward -I/Users/AllenLee/.rbenv/versions/1.9.3-p551/include/ruby-1.9.1 -I. -I/opt/local/include -I/usr/local/include -I/Users/AllenLee/.rbenv/versions/1.9.3-p551/include  -D_XOPEN_SOURCE -D_DARWIN_C_SOURCE  -I/Users/AllenLee/.rbenv/versions/1.9.3-p551/include   -O3 -Wno-error=shorten-64-to-32  -pipe   conftest.c -o conftest.i"
conftest.c:3:10: fatal error: 'openssl/ssl.h' file not found
#include <openssl/ssl.h>
         ^
1 error generated.
checked program was:
/* begin */
1: #include "ruby.h"
2: 
3: #include <openssl/ssl.h>
/* end */

--------------------

have_library: checking for main() in -lcrypto... -------------------- yes

"clang -o conftest -I/Users/AllenLee/.rbenv/versions/1.9.3-p551/include/ruby-1.9.1/x86_64-darwin16.3.0 -I/Users/AllenLee/.rbenv/versions/1.9.3-p551/include/ruby-1.9.1/ruby/backward -I/Users/AllenLee/.rbenv/versions/1.9.3-p551/include/ruby-1.9.1 -I. -I/usr/local/opt/openssl/include -I/opt/local/include -I/usr/local/include -I/Users/AllenLee/.rbenv/versions/1.9.3-p551/include  -D_XOPEN_SOURCE -D_DARWIN_C_SOURCE  -I/Users/AllenLee/.rbenv/versions/1.9.3-p551/include   -O3 -Wno-error=shorten-64-to-32  -pipe  conftest.c  -L. -L/Users/AllenLee/.rbenv/versions/1.9.3-p551/lib -L/usr/local/opt/openssl/lib -L/opt/local/lib -L/usr/local/lib -L. -L/Users/AllenLee/.rbenv/versions/1.9.3-p551/lib       -lssl -lcrypto -lz -lcrypto -lssl -lcrypto -lssl -lcrypto -lssl -lruby-static  -lssl -lcrypto -lz -lcrypto -lssl -lcrypto -lssl -lcrypto -lssl -lcrypto -lpthread -ldl -lobjc "
conftest.c:4:53: error: use of undeclared identifier 'main'
int t() { void ((*volatile p)()); p = (void ((*)()))main; return 0; }
                                                    ^
1 error generated.
checked program was:
/* begin */
 1: #include "ruby.h"
 2: 
 3: /*top*/
 4: int t() { void ((*volatile p)()); p = (void ((*)()))main; return 0; }
 5: int main(int argc, char **argv)
 6: {
 7:   if (argc > 1000000) {
 8:     printf("%p", &t);
 9:   }
10: 
11:   return 0;
12: }
/* end */

"clang -o conftest -I/Users/AllenLee/.rbenv/versions/1.9.3-p551/include/ruby-1.9.1/x86_64-darwin16.3.0 -I/Users/AllenLee/.rbenv/versions/1.9.3-p551/include/ruby-1.9.1/ruby/backward -I/Users/AllenLee/.rbenv/versions/1.9.3-p551/include/ruby-1.9.1 -I. -I/usr/local/opt/openssl/include -I/opt/local/include -I/usr/local/include -I/Users/AllenLee/.rbenv/versions/1.9.3-p551/include  -D_XOPEN_SOURCE -D_DARWIN_C_SOURCE  -I/Users/AllenLee/.rbenv/versions/1.9.3-p551/include   -O3 -Wno-error=shorten-64-to-32  -pipe  conftest.c  -L. -L/Users/AllenLee/.rbenv/versions/1.9.3-p551/lib -L/usr/local/opt/openssl/lib -L/opt/local/lib -L/usr/local/lib -L. -L/Users/AllenLee/.rbenv/versions/1.9.3-p551/lib       -lssl -lcrypto -lz -lcrypto -lssl -lcrypto -lssl -lcrypto -lssl -lruby-static  -lssl -lcrypto -lz -lcrypto -lssl -lcrypto -lssl -lcrypto -lssl -lcrypto -lpthread -ldl -lobjc "
conftest.c:4:11: warning: implicit declaration of function 'main' is invalid in C99 [-Wimplicit-function-declaration]
int t() { main(); return 0; }
          ^
1 warning generated.
ld: warning: directory not found for option '-L/opt/local/lib'
checked program was:
/* begin */
 1: #include "ruby.h"
 2: 
 3: /*top*/
 4: int t() { main(); return 0; }
 5: int main(int argc, char **argv)
 6: {
 7:   if (argc > 1000000) {
 8:     printf("%p", &t);
 9:   }
10: 
11:   return 0;
12: }
/* end */

--------------------

have_library: checking for main() in -lssl... -------------------- yes

"clang -o conftest -I/Users/AllenLee/.rbenv/versions/1.9.3-p551/include/ruby-1.9.1/x86_64-darwin16.3.0 -I/Users/AllenLee/.rbenv/versions/1.9.3-p551/include/ruby-1.9.1/ruby/backward -I/Users/AllenLee/.rbenv/versions/1.9.3-p551/include/ruby-1.9.1 -I. -I/usr/local/opt/openssl/include -I/opt/local/include -I/usr/local/include -I/Users/AllenLee/.rbenv/versions/1.9.3-p551/include  -D_XOPEN_SOURCE -D_DARWIN_C_SOURCE  -I/Users/AllenLee/.rbenv/versions/1.9.3-p551/include   -O3 -Wno-error=shorten-64-to-32  -pipe  conftest.c  -L. -L/Users/AllenLee/.rbenv/versions/1.9.3-p551/lib -L/usr/local/opt/openssl/lib -L/opt/local/lib -L/usr/local/lib -L. -L/Users/AllenLee/.rbenv/versions/1.9.3-p551/lib       -lssl -lcrypto -lz -lcrypto -lssl -lcrypto -lssl -lcrypto -lssl -lcrypto -lruby-static  -lssl -lcrypto -lz -lcrypto -lssl -lcrypto -lssl -lcrypto -lssl -lcrypto -lssl -lpthread -ldl -lobjc "
conftest.c:4:53: error: use of undeclared identifier 'main'
int t() { void ((*volatile p)()); p = (void ((*)()))main; return 0; }
                                                    ^
1 error generated.
checked program was:
/* begin */
 1: #include "ruby.h"
 2: 
 3: /*top*/
 4: int t() { void ((*volatile p)()); p = (void ((*)()))main; return 0; }
 5: int main(int argc, char **argv)
 6: {
 7:   if (argc > 1000000) {
 8:     printf("%p", &t);
 9:   }
10: 
11:   return 0;
12: }
/* end */

"clang -o conftest -I/Users/AllenLee/.rbenv/versions/1.9.3-p551/include/ruby-1.9.1/x86_64-darwin16.3.0 -I/Users/AllenLee/.rbenv/versions/1.9.3-p551/include/ruby-1.9.1/ruby/backward -I/Users/AllenLee/.rbenv/versions/1.9.3-p551/include/ruby-1.9.1 -I. -I/usr/local/opt/openssl/include -I/opt/local/include -I/usr/local/include -I/Users/AllenLee/.rbenv/versions/1.9.3-p551/include  -D_XOPEN_SOURCE -D_DARWIN_C_SOURCE  -I/Users/AllenLee/.rbenv/versions/1.9.3-p551/include   -O3 -Wno-error=shorten-64-to-32  -pipe  conftest.c  -L. -L/Users/AllenLee/.rbenv/versions/1.9.3-p551/lib -L/usr/local/opt/openssl/lib -L/opt/local/lib -L/usr/local/lib -L. -L/Users/AllenLee/.rbenv/versions/1.9.3-p551/lib       -lssl -lcrypto -lz -lcrypto -lssl -lcrypto -lssl -lcrypto -lssl -lcrypto -lruby-static  -lssl -lcrypto -lz -lcrypto -lssl -lcrypto -lssl -lcrypto -lssl -lcrypto -lssl -lpthread -ldl -lobjc "
conftest.c:4:11: warning: implicit declaration of function 'main' is invalid in C99 [-Wimplicit-function-declaration]
int t() { main(); return 0; }
          ^
1 warning generated.
ld: warning: directory not found for option '-L/opt/local/lib'
checked program was:
/* begin */
 1: #include "ruby.h"
 2: 
 3: /*top*/
 4: int t() { main(); return 0; }
 5: int main(int argc, char **argv)
 6: {
 7:   if (argc > 1000000) {
 8:     printf("%p", &t);
 9:   }
10: 
11:   return 0;
12: }
/* end */

--------------------

have_header: checking for openssl/ssl.h... -------------------- yes

"clang -E -I/Users/AllenLee/.rbenv/versions/1.9.3-p551/include/ruby-1.9.1/x86_64-darwin16.3.0 -I/Users/AllenLee/.rbenv/versions/1.9.3-p551/include/ruby-1.9.1/ruby/backward -I/Users/AllenLee/.rbenv/versions/1.9.3-p551/include/ruby-1.9.1 -I. -I/usr/local/opt/openssl/include -I/opt/local/include -I/usr/local/include -I/Users/AllenLee/.rbenv/versions/1.9.3-p551/include  -D_XOPEN_SOURCE -D_DARWIN_C_SOURCE  -I/Users/AllenLee/.rbenv/versions/1.9.3-p551/include   -O3 -Wno-error=shorten-64-to-32  -pipe   conftest.c -o conftest.i"
checked program was:
/* begin */
1: #include "ruby.h"
2: 
3: #include <openssl/ssl.h>
/* end */

--------------------

have_header: checking for openssl/err.h... -------------------- yes

"clang -E -I/Users/AllenLee/.rbenv/versions/1.9.3-p551/include/ruby-1.9.1/x86_64-darwin16.3.0 -I/Users/AllenLee/.rbenv/versions/1.9.3-p551/include/ruby-1.9.1/ruby/backward -I/Users/AllenLee/.rbenv/versions/1.9.3-p551/include/ruby-1.9.1 -I. -I/usr/local/opt/openssl/include -I/opt/local/include -I/usr/local/include -I/Users/AllenLee/.rbenv/versions/1.9.3-p551/include  -D_XOPEN_SOURCE -D_DARWIN_C_SOURCE  -I/Users/AllenLee/.rbenv/versions/1.9.3-p551/include   -O3 -Wno-error=shorten-64-to-32  -pipe   conftest.c -o conftest.i"
checked program was:
/* begin */
1: #include "ruby.h"
2: 
3: #include <openssl/err.h>
/* end */

--------------------

have_var: checking for rb_trap_immediate in ruby.h,rubysig.h... -------------------- no

"clang -I/Users/AllenLee/.rbenv/versions/1.9.3-p551/include/ruby-1.9.1/x86_64-darwin16.3.0 -I/Users/AllenLee/.rbenv/versions/1.9.3-p551/include/ruby-1.9.1/ruby/backward -I/Users/AllenLee/.rbenv/versions/1.9.3-p551/include/ruby-1.9.1 -I. -I/usr/local/opt/openssl/include -I/opt/local/include -I/usr/local/include -I/Users/AllenLee/.rbenv/versions/1.9.3-p551/include  -D_XOPEN_SOURCE -D_DARWIN_C_SOURCE  -I/Users/AllenLee/.rbenv/versions/1.9.3-p551/include   -O3 -Wno-error=shorten-64-to-32  -pipe    -c conftest.c"
In file included from conftest.c:4:
/Users/AllenLee/.rbenv/versions/1.9.3-p551/include/ruby-1.9.1/ruby/backward/rubysig.h:14:2: warning: rubysig.h is obsolete [-W#warnings]
#warning rubysig.h is obsolete
 ^
conftest.c:7:51: error: use of undeclared identifier 'rb_trap_immediate'; did you mean 'rb_trap_exit'?
int t() { const volatile void *volatile p; p = &(&rb_trap_immediate)[0]; return 0; }
                                                  ^~~~~~~~~~~~~~~~~
                                                  rb_trap_exit
/Users/AllenLee/.rbenv/versions/1.9.3-p551/include/ruby-1.9.1/ruby/intern.h:649:6: note: 'rb_trap_exit' declared here
void rb_trap_exit(void);
     ^
conftest.c:7:49: error: subscript of pointer to function type 'void (void)'
int t() { const volatile void *volatile p; p = &(&rb_trap_immediate)[0]; return 0; }
                                                ^~~~~~~~~~~~~~~~~~~~
1 warning and 2 errors generated.
checked program was:
/* begin */
 1: #include "ruby.h"
 2: 
 3: #include <ruby.h>
 4: #include <rubysig.h>
 5: 
 6: /*top*/
 7: int t() { const volatile void *volatile p; p = &(&rb_trap_immediate)[0]; return 0; }
 8: int main(int argc, char **argv)
 9: {
10:   if (argc > 1000000) {
11:     printf("%p", &t);
12:   }
13: 
14:   return 0;
15: }
/* end */

--------------------

have_func: checking for rb_thread_blocking_region()... -------------------- yes

"clang -o conftest -I/Users/AllenLee/.rbenv/versions/1.9.3-p551/include/ruby-1.9.1/x86_64-darwin16.3.0 -I/Users/AllenLee/.rbenv/versions/1.9.3-p551/include/ruby-1.9.1/ruby/backward -I/Users/AllenLee/.rbenv/versions/1.9.3-p551/include/ruby-1.9.1 -I. -I/usr/local/opt/openssl/include -I/opt/local/include -I/usr/local/include -I/Users/AllenLee/.rbenv/versions/1.9.3-p551/include  -D_XOPEN_SOURCE -D_DARWIN_C_SOURCE  -I/Users/AllenLee/.rbenv/versions/1.9.3-p551/include   -O3 -Wno-error=shorten-64-to-32  -pipe  conftest.c  -L. -L/Users/AllenLee/.rbenv/versions/1.9.3-p551/lib -L/usr/local/opt/openssl/lib -L/opt/local/lib -L/usr/local/lib -L. -L/Users/AllenLee/.rbenv/versions/1.9.3-p551/lib       -lssl -lcrypto -lz -lcrypto -lssl -lcrypto -lssl -lcrypto -lssl -lcrypto -lssl -lruby-static  -lssl -lcrypto -lz -lcrypto -lssl -lcrypto -lssl -lcrypto -lssl -lcrypto -lssl -lpthread -ldl -lobjc "
ld: warning: directory not found for option '-L/opt/local/lib'
checked program was:
/* begin */
 1: #include "ruby.h"
 2: 
 3: /*top*/
 4: int t() { void ((*volatile p)()); p = (void ((*)()))rb_thread_blocking_region; return 0; }
 5: int main(int argc, char **argv)
 6: {
 7:   if (argc > 1000000) {
 8:     printf("%p", &t);
 9:   }
10: 
11:   return 0;
12: }
/* end */

--------------------

have_func: checking for rb_thread_call_without_gvl() in ruby/thread.h... -------------------- no

"clang -o conftest -I/Users/AllenLee/.rbenv/versions/1.9.3-p551/include/ruby-1.9.1/x86_64-darwin16.3.0 -I/Users/AllenLee/.rbenv/versions/1.9.3-p551/include/ruby-1.9.1/ruby/backward -I/Users/AllenLee/.rbenv/versions/1.9.3-p551/include/ruby-1.9.1 -I. -I/usr/local/opt/openssl/include -I/opt/local/include -I/usr/local/include -I/Users/AllenLee/.rbenv/versions/1.9.3-p551/include  -D_XOPEN_SOURCE -D_DARWIN_C_SOURCE  -I/Users/AllenLee/.rbenv/versions/1.9.3-p551/include   -O3 -Wno-error=shorten-64-to-32  -pipe  conftest.c  -L. -L/Users/AllenLee/.rbenv/versions/1.9.3-p551/lib -L/usr/local/opt/openssl/lib -L/opt/local/lib -L/usr/local/lib -L. -L/Users/AllenLee/.rbenv/versions/1.9.3-p551/lib       -lssl -lcrypto -lz -lcrypto -lssl -lcrypto -lssl -lcrypto -lssl -lcrypto -lssl -lruby-static  -lssl -lcrypto -lz -lcrypto -lssl -lcrypto -lssl -lcrypto -lssl -lcrypto -lssl -lpthread -ldl -lobjc "
conftest.c:3:10: fatal error: 'ruby/thread.h' file not found
#include <ruby/thread.h>
         ^
1 error generated.
checked program was:
/* begin */
 1: #include "ruby.h"
 2: 
 3: #include <ruby/thread.h>
 4: 
 5: /*top*/
 6: int t() { void ((*volatile p)()); p = (void ((*)()))rb_thread_call_without_gvl; return 0; }
 7: int main(int argc, char **argv)
 8: {
 9:   if (argc > 1000000) {
10:     printf("%p", &t);
11:   }
12: 
13:   return 0;
14: }
/* end */

"clang -o conftest -I/Users/AllenLee/.rbenv/versions/1.9.3-p551/include/ruby-1.9.1/x86_64-darwin16.3.0 -I/Users/AllenLee/.rbenv/versions/1.9.3-p551/include/ruby-1.9.1/ruby/backward -I/Users/AllenLee/.rbenv/versions/1.9.3-p551/include/ruby-1.9.1 -I. -I/usr/local/opt/openssl/include -I/opt/local/include -I/usr/local/include -I/Users/AllenLee/.rbenv/versions/1.9.3-p551/include  -D_XOPEN_SOURCE -D_DARWIN_C_SOURCE  -I/Users/AllenLee/.rbenv/versions/1.9.3-p551/include   -O3 -Wno-error=shorten-64-to-32  -pipe  conftest.c  -L. -L/Users/AllenLee/.rbenv/versions/1.9.3-p551/lib -L/usr/local/opt/openssl/lib -L/opt/local/lib -L/usr/local/lib -L. -L/Users/AllenLee/.rbenv/versions/1.9.3-p551/lib       -lssl -lcrypto -lz -lcrypto -lssl -lcrypto -lssl -lcrypto -lssl -lcrypto -lssl -lruby-static  -lssl -lcrypto -lz -lcrypto -lssl -lcrypto -lssl -lcrypto -lssl -lcrypto -lssl -lpthread -ldl -lobjc "
conftest.c:3:10: fatal error: 'ruby/thread.h' file not found
#include <ruby/thread.h>
         ^
1 error generated.
checked program was:
/* begin */
 1: #include "ruby.h"
 2: 
 3: #include <ruby/thread.h>
 4: 
 5: /*top*/
 6: int t() { rb_thread_call_without_gvl(); return 0; }
 7: int main(int argc, char **argv)
 8: {
 9:   if (argc > 1000000) {
10:     printf("%p", &t);
11:   }
12: 
13:   return 0;
14: }
/* end */

--------------------

have_func: checking for rb_thread_fd_select()... -------------------- yes

"clang -o conftest -I/Users/AllenLee/.rbenv/versions/1.9.3-p551/include/ruby-1.9.1/x86_64-darwin16.3.0 -I/Users/AllenLee/.rbenv/versions/1.9.3-p551/include/ruby-1.9.1/ruby/backward -I/Users/AllenLee/.rbenv/versions/1.9.3-p551/include/ruby-1.9.1 -I. -I/usr/local/opt/openssl/include -I/opt/local/include -I/usr/local/include -I/Users/AllenLee/.rbenv/versions/1.9.3-p551/include  -D_XOPEN_SOURCE -D_DARWIN_C_SOURCE  -I/Users/AllenLee/.rbenv/versions/1.9.3-p551/include   -O3 -Wno-error=shorten-64-to-32  -pipe  conftest.c  -L. -L/Users/AllenLee/.rbenv/versions/1.9.3-p551/lib -L/usr/local/opt/openssl/lib -L/opt/local/lib -L/usr/local/lib -L. -L/Users/AllenLee/.rbenv/versions/1.9.3-p551/lib       -lssl -lcrypto -lz -lcrypto -lssl -lcrypto -lssl -lcrypto -lssl -lcrypto -lssl -lruby-static  -lssl -lcrypto -lz -lcrypto -lssl -lcrypto -lssl -lcrypto -lssl -lcrypto -lssl -lpthread -ldl -lobjc "
ld: warning: directory not found for option '-L/opt/local/lib'
checked program was:
/* begin */
 1: #include "ruby.h"
 2: 
 3: /*top*/
 4: int t() { void ((*volatile p)()); p = (void ((*)()))rb_thread_fd_select; return 0; }
 5: int main(int argc, char **argv)
 6: {
 7:   if (argc > 1000000) {
 8:     printf("%p", &t);
 9:   }
10: 
11:   return 0;
12: }
/* end */

--------------------

have_type: checking for rb_fdset_t in ruby/intern.h... -------------------- yes

"clang -I/Users/AllenLee/.rbenv/versions/1.9.3-p551/include/ruby-1.9.1/x86_64-darwin16.3.0 -I/Users/AllenLee/.rbenv/versions/1.9.3-p551/include/ruby-1.9.1/ruby/backward -I/Users/AllenLee/.rbenv/versions/1.9.3-p551/include/ruby-1.9.1 -I. -I/usr/local/opt/openssl/include -I/opt/local/include -I/usr/local/include -I/Users/AllenLee/.rbenv/versions/1.9.3-p551/include  -D_XOPEN_SOURCE -D_DARWIN_C_SOURCE  -I/Users/AllenLee/.rbenv/versions/1.9.3-p551/include   -O3 -Wno-error=shorten-64-to-32  -pipe    -c conftest.c"
checked program was:
/* begin */
1: #include "ruby.h"
2: 
3: #include <ruby/intern.h>
4: 
5: /*top*/
6: typedef rb_fdset_t conftest_type;
7: int conftestval[sizeof(conftest_type)?1:-1];
/* end */

--------------------

have_func: checking for rb_wait_for_single_fd()... -------------------- yes

"clang -o conftest -I/Users/AllenLee/.rbenv/versions/1.9.3-p551/include/ruby-1.9.1/x86_64-darwin16.3.0 -I/Users/AllenLee/.rbenv/versions/1.9.3-p551/include/ruby-1.9.1/ruby/backward -I/Users/AllenLee/.rbenv/versions/1.9.3-p551/include/ruby-1.9.1 -I. -I/usr/local/opt/openssl/include -I/opt/local/include -I/usr/local/include -I/Users/AllenLee/.rbenv/versions/1.9.3-p551/include  -D_XOPEN_SOURCE -D_DARWIN_C_SOURCE  -I/Users/AllenLee/.rbenv/versions/1.9.3-p551/include   -O3 -Wno-error=shorten-64-to-32  -pipe  conftest.c  -L. -L/Users/AllenLee/.rbenv/versions/1.9.3-p551/lib -L/usr/local/opt/openssl/lib -L/opt/local/lib -L/usr/local/lib -L. -L/Users/AllenLee/.rbenv/versions/1.9.3-p551/lib       -lssl -lcrypto -lz -lcrypto -lssl -lcrypto -lssl -lcrypto -lssl -lcrypto -lssl -lruby-static  -lssl -lcrypto -lz -lcrypto -lssl -lcrypto -lssl -lcrypto -lssl -lcrypto -lssl -lpthread -ldl -lobjc "
conftest.c:4:53: error: use of undeclared identifier 'rb_wait_for_single_fd'
int t() { void ((*volatile p)()); p = (void ((*)()))rb_wait_for_single_fd; return 0; }
                                                    ^
1 error generated.
checked program was:
/* begin */
 1: #include "ruby.h"
 2: 
 3: /*top*/
 4: int t() { void ((*volatile p)()); p = (void ((*)()))rb_wait_for_single_fd; return 0; }
 5: int main(int argc, char **argv)
 6: {
 7:   if (argc > 1000000) {
 8:     printf("%p", &t);
 9:   }
10: 
11:   return 0;
12: }
/* end */

"clang -o conftest -I/Users/AllenLee/.rbenv/versions/1.9.3-p551/include/ruby-1.9.1/x86_64-darwin16.3.0 -I/Users/AllenLee/.rbenv/versions/1.9.3-p551/include/ruby-1.9.1/ruby/backward -I/Users/AllenLee/.rbenv/versions/1.9.3-p551/include/ruby-1.9.1 -I. -I/usr/local/opt/openssl/include -I/opt/local/include -I/usr/local/include -I/Users/AllenLee/.rbenv/versions/1.9.3-p551/include  -D_XOPEN_SOURCE -D_DARWIN_C_SOURCE  -I/Users/AllenLee/.rbenv/versions/1.9.3-p551/include   -O3 -Wno-error=shorten-64-to-32  -pipe  conftest.c  -L. -L/Users/AllenLee/.rbenv/versions/1.9.3-p551/lib -L/usr/local/opt/openssl/lib -L/opt/local/lib -L/usr/local/lib -L. -L/Users/AllenLee/.rbenv/versions/1.9.3-p551/lib       -lssl -lcrypto -lz -lcrypto -lssl -lcrypto -lssl -lcrypto -lssl -lcrypto -lssl -lruby-static  -lssl -lcrypto -lz -lcrypto -lssl -lcrypto -lssl -lcrypto -lssl -lcrypto -lssl -lpthread -ldl -lobjc "
conftest.c:4:11: warning: implicit declaration of function 'rb_wait_for_single_fd' is invalid in C99 [-Wimplicit-function-declaration]
int t() { rb_wait_for_single_fd(); return 0; }
          ^
1 warning generated.
ld: warning: directory not found for option '-L/opt/local/lib'
checked program was:
/* begin */
 1: #include "ruby.h"
 2: 
 3: /*top*/
 4: int t() { rb_wait_for_single_fd(); return 0; }
 5: int main(int argc, char **argv)
 6: {
 7:   if (argc > 1000000) {
 8:     printf("%p", &t);
 9:   }
10: 
11:   return 0;
12: }
/* end */

--------------------

have_func: checking for rb_enable_interrupt()... -------------------- yes

"clang -o conftest -I/Users/AllenLee/.rbenv/versions/1.9.3-p551/include/ruby-1.9.1/x86_64-darwin16.3.0 -I/Users/AllenLee/.rbenv/versions/1.9.3-p551/include/ruby-1.9.1/ruby/backward -I/Users/AllenLee/.rbenv/versions/1.9.3-p551/include/ruby-1.9.1 -I. -I/usr/local/opt/openssl/include -I/opt/local/include -I/usr/local/include -I/Users/AllenLee/.rbenv/versions/1.9.3-p551/include  -D_XOPEN_SOURCE -D_DARWIN_C_SOURCE  -I/Users/AllenLee/.rbenv/versions/1.9.3-p551/include   -O3 -Wno-error=shorten-64-to-32  -pipe  conftest.c  -L. -L/Users/AllenLee/.rbenv/versions/1.9.3-p551/lib -L/usr/local/opt/openssl/lib -L/opt/local/lib -L/usr/local/lib -L. -L/Users/AllenLee/.rbenv/versions/1.9.3-p551/lib       -lssl -lcrypto -lz -lcrypto -lssl -lcrypto -lssl -lcrypto -lssl -lcrypto -lssl -lruby-static  -lssl -lcrypto -lz -lcrypto -lssl -lcrypto -lssl -lcrypto -lssl -lcrypto -lssl -lpthread -ldl -lobjc "
conftest.c:4:53: error: use of undeclared identifier 'rb_enable_interrupt'
int t() { void ((*volatile p)()); p = (void ((*)()))rb_enable_interrupt; return 0; }
                                                    ^
1 error generated.
checked program was:
/* begin */
 1: #include "ruby.h"
 2: 
 3: /*top*/
 4: int t() { void ((*volatile p)()); p = (void ((*)()))rb_enable_interrupt; return 0; }
 5: int main(int argc, char **argv)
 6: {
 7:   if (argc > 1000000) {
 8:     printf("%p", &t);
 9:   }
10: 
11:   return 0;
12: }
/* end */

"clang -o conftest -I/Users/AllenLee/.rbenv/versions/1.9.3-p551/include/ruby-1.9.1/x86_64-darwin16.3.0 -I/Users/AllenLee/.rbenv/versions/1.9.3-p551/include/ruby-1.9.1/ruby/backward -I/Users/AllenLee/.rbenv/versions/1.9.3-p551/include/ruby-1.9.1 -I. -I/usr/local/opt/openssl/include -I/opt/local/include -I/usr/local/include -I/Users/AllenLee/.rbenv/versions/1.9.3-p551/include  -D_XOPEN_SOURCE -D_DARWIN_C_SOURCE  -I/Users/AllenLee/.rbenv/versions/1.9.3-p551/include   -O3 -Wno-error=shorten-64-to-32  -pipe  conftest.c  -L. -L/Users/AllenLee/.rbenv/versions/1.9.3-p551/lib -L/usr/local/opt/openssl/lib -L/opt/local/lib -L/usr/local/lib -L. -L/Users/AllenLee/.rbenv/versions/1.9.3-p551/lib       -lssl -lcrypto -lz -lcrypto -lssl -lcrypto -lssl -lcrypto -lssl -lcrypto -lssl -lruby-static  -lssl -lcrypto -lz -lcrypto -lssl -lcrypto -lssl -lcrypto -lssl -lcrypto -lssl -lpthread -ldl -lobjc "
conftest.c:4:11: warning: implicit declaration of function 'rb_enable_interrupt' is invalid in C99 [-Wimplicit-function-declaration]
int t() { rb_enable_interrupt(); return 0; }
          ^
1 warning generated.
ld: warning: directory not found for option '-L/opt/local/lib'
checked program was:
/* begin */
 1: #include "ruby.h"
 2: 
 3: /*top*/
 4: int t() { rb_enable_interrupt(); return 0; }
 5: int main(int argc, char **argv)
 6: {
 7:   if (argc > 1000000) {
 8:     printf("%p", &t);
 9:   }
10: 
11:   return 0;
12: }
/* end */

--------------------

have_func: checking for rb_time_new()... -------------------- yes

"clang -o conftest -I/Users/AllenLee/.rbenv/versions/1.9.3-p551/include/ruby-1.9.1/x86_64-darwin16.3.0 -I/Users/AllenLee/.rbenv/versions/1.9.3-p551/include/ruby-1.9.1/ruby/backward -I/Users/AllenLee/.rbenv/versions/1.9.3-p551/include/ruby-1.9.1 -I. -I/usr/local/opt/openssl/include -I/opt/local/include -I/usr/local/include -I/Users/AllenLee/.rbenv/versions/1.9.3-p551/include  -D_XOPEN_SOURCE -D_DARWIN_C_SOURCE  -I/Users/AllenLee/.rbenv/versions/1.9.3-p551/include   -O3 -Wno-error=shorten-64-to-32  -pipe  conftest.c  -L. -L/Users/AllenLee/.rbenv/versions/1.9.3-p551/lib -L/usr/local/opt/openssl/lib -L/opt/local/lib -L/usr/local/lib -L. -L/Users/AllenLee/.rbenv/versions/1.9.3-p551/lib       -lssl -lcrypto -lz -lcrypto -lssl -lcrypto -lssl -lcrypto -lssl -lcrypto -lssl -lruby-static  -lssl -lcrypto -lz -lcrypto -lssl -lcrypto -lssl -lcrypto -lssl -lcrypto -lssl -lpthread -ldl -lobjc "
ld: warning: directory not found for option '-L/opt/local/lib'
checked program was:
/* begin */
 1: #include "ruby.h"
 2: 
 3: /*top*/
 4: int t() { void ((*volatile p)()); p = (void ((*)()))rb_time_new; return 0; }
 5: int main(int argc, char **argv)
 6: {
 7:   if (argc > 1000000) {
 8:     printf("%p", &t);
 9:   }
10: 
11:   return 0;
12: }
/* end */

--------------------

have_func: checking for inotify_init() in sys/inotify.h... -------------------- no

"clang -o conftest -I/Users/AllenLee/.rbenv/versions/1.9.3-p551/include/ruby-1.9.1/x86_64-darwin16.3.0 -I/Users/AllenLee/.rbenv/versions/1.9.3-p551/include/ruby-1.9.1/ruby/backward -I/Users/AllenLee/.rbenv/versions/1.9.3-p551/include/ruby-1.9.1 -I. -I/usr/local/opt/openssl/include -I/opt/local/include -I/usr/local/include -I/Users/AllenLee/.rbenv/versions/1.9.3-p551/include  -D_XOPEN_SOURCE -D_DARWIN_C_SOURCE  -I/Users/AllenLee/.rbenv/versions/1.9.3-p551/include   -O3 -Wno-error=shorten-64-to-32  -pipe  conftest.c  -L. -L/Users/AllenLee/.rbenv/versions/1.9.3-p551/lib -L/usr/local/opt/openssl/lib -L/opt/local/lib -L/usr/local/lib -L. -L/Users/AllenLee/.rbenv/versions/1.9.3-p551/lib       -lssl -lcrypto -lz -lcrypto -lssl -lcrypto -lssl -lcrypto -lssl -lcrypto -lssl -lruby-static  -lssl -lcrypto -lz -lcrypto -lssl -lcrypto -lssl -lcrypto -lssl -lcrypto -lssl -lpthread -ldl -lobjc "
conftest.c:3:10: fatal error: 'sys/inotify.h' file not found
#include <sys/inotify.h>
         ^
1 error generated.
checked program was:
/* begin */
 1: #include "ruby.h"
 2: 
 3: #include <sys/inotify.h>
 4: 
 5: /*top*/
 6: int t() { void ((*volatile p)()); p = (void ((*)()))inotify_init; return 0; }
 7: int main(int argc, char **argv)
 8: {
 9:   if (argc > 1000000) {
10:     printf("%p", &t);
11:   }
12: 
13:   return 0;
14: }
/* end */

"clang -o conftest -I/Users/AllenLee/.rbenv/versions/1.9.3-p551/include/ruby-1.9.1/x86_64-darwin16.3.0 -I/Users/AllenLee/.rbenv/versions/1.9.3-p551/include/ruby-1.9.1/ruby/backward -I/Users/AllenLee/.rbenv/versions/1.9.3-p551/include/ruby-1.9.1 -I. -I/usr/local/opt/openssl/include -I/opt/local/include -I/usr/local/include -I/Users/AllenLee/.rbenv/versions/1.9.3-p551/include  -D_XOPEN_SOURCE -D_DARWIN_C_SOURCE  -I/Users/AllenLee/.rbenv/versions/1.9.3-p551/include   -O3 -Wno-error=shorten-64-to-32  -pipe  conftest.c  -L. -L/Users/AllenLee/.rbenv/versions/1.9.3-p551/lib -L/usr/local/opt/openssl/lib -L/opt/local/lib -L/usr/local/lib -L. -L/Users/AllenLee/.rbenv/versions/1.9.3-p551/lib       -lssl -lcrypto -lz -lcrypto -lssl -lcrypto -lssl -lcrypto -lssl -lcrypto -lssl -lruby-static  -lssl -lcrypto -lz -lcrypto -lssl -lcrypto -lssl -lcrypto -lssl -lcrypto -lssl -lpthread -ldl -lobjc "
conftest.c:3:10: fatal error: 'sys/inotify.h' file not found
#include <sys/inotify.h>
         ^
1 error generated.
checked program was:
/* begin */
 1: #include "ruby.h"
 2: 
 3: #include <sys/inotify.h>
 4: 
 5: /*top*/
 6: int t() { inotify_init(); return 0; }
 7: int main(int argc, char **argv)
 8: {
 9:   if (argc > 1000000) {
10:     printf("%p", &t);
11:   }
12: 
13:   return 0;
14: }
/* end */

--------------------

have_macro: checking for __NR_inotify_init in sys/syscall.h... -------------------- no

"clang -I/Users/AllenLee/.rbenv/versions/1.9.3-p551/include/ruby-1.9.1/x86_64-darwin16.3.0 -I/Users/AllenLee/.rbenv/versions/1.9.3-p551/include/ruby-1.9.1/ruby/backward -I/Users/AllenLee/.rbenv/versions/1.9.3-p551/include/ruby-1.9.1 -I. -I/usr/local/opt/openssl/include -I/opt/local/include -I/usr/local/include -I/Users/AllenLee/.rbenv/versions/1.9.3-p551/include  -D_XOPEN_SOURCE -D_DARWIN_C_SOURCE  -I/Users/AllenLee/.rbenv/versions/1.9.3-p551/include   -O3 -Wno-error=shorten-64-to-32  -pipe    -c conftest.c"
conftest.c:6:3: error: 
# error
  ^
conftest.c:7:1: error: expected identifier or '('
>>>>>> __NR_inotify_init undefined <<<<<<
^
2 errors generated.
checked program was:
/* begin */
1: #include "ruby.h"
2: 
3: #include <sys/syscall.h>
4: /*top*/
5: #ifndef __NR_inotify_init
6: # error
7: >>>>>> __NR_inotify_init undefined <<<<<<
8: #endif
/* end */

--------------------

have_func: checking for writev() in sys/uio.h... -------------------- yes

"clang -o conftest -I/Users/AllenLee/.rbenv/versions/1.9.3-p551/include/ruby-1.9.1/x86_64-darwin16.3.0 -I/Users/AllenLee/.rbenv/versions/1.9.3-p551/include/ruby-1.9.1/ruby/backward -I/Users/AllenLee/.rbenv/versions/1.9.3-p551/include/ruby-1.9.1 -I. -I/usr/local/opt/openssl/include -I/opt/local/include -I/usr/local/include -I/Users/AllenLee/.rbenv/versions/1.9.3-p551/include  -D_XOPEN_SOURCE -D_DARWIN_C_SOURCE  -I/Users/AllenLee/.rbenv/versions/1.9.3-p551/include   -O3 -Wno-error=shorten-64-to-32  -pipe  conftest.c  -L. -L/Users/AllenLee/.rbenv/versions/1.9.3-p551/lib -L/usr/local/opt/openssl/lib -L/opt/local/lib -L/usr/local/lib -L. -L/Users/AllenLee/.rbenv/versions/1.9.3-p551/lib       -lssl -lcrypto -lz -lcrypto -lssl -lcrypto -lssl -lcrypto -lssl -lcrypto -lssl -lruby-static  -lssl -lcrypto -lz -lcrypto -lssl -lcrypto -lssl -lcrypto -lssl -lcrypto -lssl -lpthread -ldl -lobjc "
ld: warning: directory not found for option '-L/opt/local/lib'
checked program was:
/* begin */
 1: #include "ruby.h"
 2: 
 3: #include <sys/uio.h>
 4: 
 5: /*top*/
 6: int t() { void ((*volatile p)()); p = (void ((*)()))writev; return 0; }
 7: int main(int argc, char **argv)
 8: {
 9:   if (argc > 1000000) {
10:     printf("%p", &t);
11:   }
12: 
13:   return 0;
14: }
/* end */

--------------------

have_func: checking for pipe2() in unistd.h... -------------------- no

"clang -o conftest -I/Users/AllenLee/.rbenv/versions/1.9.3-p551/include/ruby-1.9.1/x86_64-darwin16.3.0 -I/Users/AllenLee/.rbenv/versions/1.9.3-p551/include/ruby-1.9.1/ruby/backward -I/Users/AllenLee/.rbenv/versions/1.9.3-p551/include/ruby-1.9.1 -I. -I/usr/local/opt/openssl/include -I/opt/local/include -I/usr/local/include -I/Users/AllenLee/.rbenv/versions/1.9.3-p551/include  -D_XOPEN_SOURCE -D_DARWIN_C_SOURCE  -I/Users/AllenLee/.rbenv/versions/1.9.3-p551/include   -O3 -Wno-error=shorten-64-to-32  -pipe  conftest.c  -L. -L/Users/AllenLee/.rbenv/versions/1.9.3-p551/lib -L/usr/local/opt/openssl/lib -L/opt/local/lib -L/usr/local/lib -L. -L/Users/AllenLee/.rbenv/versions/1.9.3-p551/lib       -lssl -lcrypto -lz -lcrypto -lssl -lcrypto -lssl -lcrypto -lssl -lcrypto -lssl -lruby-static  -lssl -lcrypto -lz -lcrypto -lssl -lcrypto -lssl -lcrypto -lssl -lcrypto -lssl -lpthread -ldl -lobjc "
conftest.c:6:53: error: use of undeclared identifier 'pipe2'
int t() { void ((*volatile p)()); p = (void ((*)()))pipe2; return 0; }
                                                    ^
1 error generated.
checked program was:
/* begin */
 1: #include "ruby.h"
 2: 
 3: #include <unistd.h>
 4: 
 5: /*top*/
 6: int t() { void ((*volatile p)()); p = (void ((*)()))pipe2; return 0; }
 7: int main(int argc, char **argv)
 8: {
 9:   if (argc > 1000000) {
10:     printf("%p", &t);
11:   }
12: 
13:   return 0;
14: }
/* end */

"clang -o conftest -I/Users/AllenLee/.rbenv/versions/1.9.3-p551/include/ruby-1.9.1/x86_64-darwin16.3.0 -I/Users/AllenLee/.rbenv/versions/1.9.3-p551/include/ruby-1.9.1/ruby/backward -I/Users/AllenLee/.rbenv/versions/1.9.3-p551/include/ruby-1.9.1 -I. -I/usr/local/opt/openssl/include -I/opt/local/include -I/usr/local/include -I/Users/AllenLee/.rbenv/versions/1.9.3-p551/include  -D_XOPEN_SOURCE -D_DARWIN_C_SOURCE  -I/Users/AllenLee/.rbenv/versions/1.9.3-p551/include   -O3 -Wno-error=shorten-64-to-32  -pipe  conftest.c  -L. -L/Users/AllenLee/.rbenv/versions/1.9.3-p551/lib -L/usr/local/opt/openssl/lib -L/opt/local/lib -L/usr/local/lib -L. -L/Users/AllenLee/.rbenv/versions/1.9.3-p551/lib       -lssl -lcrypto -lz -lcrypto -lssl -lcrypto -lssl -lcrypto -lssl -lcrypto -lssl -lruby-static  -lssl -lcrypto -lz -lcrypto -lssl -lcrypto -lssl -lcrypto -lssl -lcrypto -lssl -lpthread -ldl -lobjc "
conftest.c:6:11: warning: implicit declaration of function 'pipe2' is invalid in C99 [-Wimplicit-function-declaration]
int t() { pipe2(); return 0; }
          ^
1 warning generated.
ld: warning: directory not found for option '-L/opt/local/lib'
Undefined symbols for architecture x86_64:
  "_pipe2", referenced from:
      _t in conftest-f364ec.o
ld: symbol(s) not found for architecture x86_64
clang: error: linker command failed with exit code 1 (use -v to see invocation)
checked program was:
/* begin */
 1: #include "ruby.h"
 2: 
 3: #include <unistd.h>
 4: 
 5: /*top*/
 6: int t() { pipe2(); return 0; }
 7: int main(int argc, char **argv)
 8: {
 9:   if (argc > 1000000) {
10:     printf("%p", &t);
11:   }
12: 
13:   return 0;
14: }
/* end */

--------------------

have_func: checking for accept4() in sys/socket.h... -------------------- no

"clang -o conftest -I/Users/AllenLee/.rbenv/versions/1.9.3-p551/include/ruby-1.9.1/x86_64-darwin16.3.0 -I/Users/AllenLee/.rbenv/versions/1.9.3-p551/include/ruby-1.9.1/ruby/backward -I/Users/AllenLee/.rbenv/versions/1.9.3-p551/include/ruby-1.9.1 -I. -I/usr/local/opt/openssl/include -I/opt/local/include -I/usr/local/include -I/Users/AllenLee/.rbenv/versions/1.9.3-p551/include  -D_XOPEN_SOURCE -D_DARWIN_C_SOURCE  -I/Users/AllenLee/.rbenv/versions/1.9.3-p551/include   -O3 -Wno-error=shorten-64-to-32  -pipe  conftest.c  -L. -L/Users/AllenLee/.rbenv/versions/1.9.3-p551/lib -L/usr/local/opt/openssl/lib -L/opt/local/lib -L/usr/local/lib -L. -L/Users/AllenLee/.rbenv/versions/1.9.3-p551/lib       -lssl -lcrypto -lz -lcrypto -lssl -lcrypto -lssl -lcrypto -lssl -lcrypto -lssl -lruby-static  -lssl -lcrypto -lz -lcrypto -lssl -lcrypto -lssl -lcrypto -lssl -lcrypto -lssl -lpthread -ldl -lobjc "
conftest.c:6:53: error: use of undeclared identifier 'accept4'
int t() { void ((*volatile p)()); p = (void ((*)()))accept4; return 0; }
                                                    ^
1 error generated.
checked program was:
/* begin */
 1: #include "ruby.h"
 2: 
 3: #include <sys/socket.h>
 4: 
 5: /*top*/
 6: int t() { void ((*volatile p)()); p = (void ((*)()))accept4; return 0; }
 7: int main(int argc, char **argv)
 8: {
 9:   if (argc > 1000000) {
10:     printf("%p", &t);
11:   }
12: 
13:   return 0;
14: }
/* end */

"clang -o conftest -I/Users/AllenLee/.rbenv/versions/1.9.3-p551/include/ruby-1.9.1/x86_64-darwin16.3.0 -I/Users/AllenLee/.rbenv/versions/1.9.3-p551/include/ruby-1.9.1/ruby/backward -I/Users/AllenLee/.rbenv/versions/1.9.3-p551/include/ruby-1.9.1 -I. -I/usr/local/opt/openssl/include -I/opt/local/include -I/usr/local/include -I/Users/AllenLee/.rbenv/versions/1.9.3-p551/include  -D_XOPEN_SOURCE -D_DARWIN_C_SOURCE  -I/Users/AllenLee/.rbenv/versions/1.9.3-p551/include   -O3 -Wno-error=shorten-64-to-32  -pipe  conftest.c  -L. -L/Users/AllenLee/.rbenv/versions/1.9.3-p551/lib -L/usr/local/opt/openssl/lib -L/opt/local/lib -L/usr/local/lib -L. -L/Users/AllenLee/.rbenv/versions/1.9.3-p551/lib       -lssl -lcrypto -lz -lcrypto -lssl -lcrypto -lssl -lcrypto -lssl -lcrypto -lssl -lruby-static  -lssl -lcrypto -lz -lcrypto -lssl -lcrypto -lssl -lcrypto -lssl -lcrypto -lssl -lpthread -ldl -lobjc "
conftest.c:6:11: warning: implicit declaration of function 'accept4' is invalid in C99 [-Wimplicit-function-declaration]
int t() { accept4(); return 0; }
          ^
1 warning generated.
ld: warning: directory not found for option '-L/opt/local/lib'
Undefined symbols for architecture x86_64:
  "_accept4", referenced from:
      _t in conftest-129367.o
ld: symbol(s) not found for architecture x86_64
clang: error: linker command failed with exit code 1 (use -v to see invocation)
checked program was:
/* begin */
 1: #include "ruby.h"
 2: 
 3: #include <sys/socket.h>
 4: 
 5: /*top*/
 6: int t() { accept4(); return 0; }
 7: int main(int argc, char **argv)
 8: {
 9:   if (argc > 1000000) {
10:     printf("%p", &t);
11:   }
12: 
13:   return 0;
14: }
/* end */

--------------------

have_const: checking for SOCK_CLOEXEC in sys/socket.h... -------------------- no

"clang -I/Users/AllenLee/.rbenv/versions/1.9.3-p551/include/ruby-1.9.1/x86_64-darwin16.3.0 -I/Users/AllenLee/.rbenv/versions/1.9.3-p551/include/ruby-1.9.1/ruby/backward -I/Users/AllenLee/.rbenv/versions/1.9.3-p551/include/ruby-1.9.1 -I. -I/usr/local/opt/openssl/include -I/opt/local/include -I/usr/local/include -I/Users/AllenLee/.rbenv/versions/1.9.3-p551/include  -D_XOPEN_SOURCE -D_DARWIN_C_SOURCE  -I/Users/AllenLee/.rbenv/versions/1.9.3-p551/include   -O3 -Wno-error=shorten-64-to-32  -pipe    -c conftest.c"
conftest.c:7:34: error: use of undeclared identifier 'SOCK_CLOEXEC'
conftest_type conftestval = (int)SOCK_CLOEXEC;
                                 ^
1 error generated.
checked program was:
/* begin */
1: #include "ruby.h"
2: 
3: #include <sys/socket.h>
4: 
5: /*top*/
6: typedef int conftest_type;
7: conftest_type conftestval = (int)SOCK_CLOEXEC;
/* end */

--------------------

have_header: checking for sys/event.h... -------------------- yes

"clang -E -I/Users/AllenLee/.rbenv/versions/1.9.3-p551/include/ruby-1.9.1/x86_64-darwin16.3.0 -I/Users/AllenLee/.rbenv/versions/1.9.3-p551/include/ruby-1.9.1/ruby/backward -I/Users/AllenLee/.rbenv/versions/1.9.3-p551/include/ruby-1.9.1 -I. -I/usr/local/opt/openssl/include -I/opt/local/include -I/usr/local/include -I/Users/AllenLee/.rbenv/versions/1.9.3-p551/include  -D_XOPEN_SOURCE -D_DARWIN_C_SOURCE  -I/Users/AllenLee/.rbenv/versions/1.9.3-p551/include   -O3 -Wno-error=shorten-64-to-32  -pipe   conftest.c -o conftest.i"
checked program was:
/* begin */
1: #include "ruby.h"
2: 
3: #include <sys/event.h>
/* end */

--------------------

have_header: checking for sys/queue.h... -------------------- yes

"clang -E -I/Users/AllenLee/.rbenv/versions/1.9.3-p551/include/ruby-1.9.1/x86_64-darwin16.3.0 -I/Users/AllenLee/.rbenv/versions/1.9.3-p551/include/ruby-1.9.1/ruby/backward -I/Users/AllenLee/.rbenv/versions/1.9.3-p551/include/ruby-1.9.1 -I. -I/usr/local/opt/openssl/include -I/opt/local/include -I/usr/local/include -I/Users/AllenLee/.rbenv/versions/1.9.3-p551/include  -D_XOPEN_SOURCE -D_DARWIN_C_SOURCE  -I/Users/AllenLee/.rbenv/versions/1.9.3-p551/include   -O3 -Wno-error=shorten-64-to-32  -pipe   conftest.c -o conftest.i"
checked program was:
/* begin */
1: #include "ruby.h"
2: 
3: #include <sys/queue.h>
/* end */

--------------------

have_func: checking for clock_gettime()... -------------------- yes

"clang -o conftest -I/Users/AllenLee/.rbenv/versions/1.9.3-p551/include/ruby-1.9.1/x86_64-darwin16.3.0 -I/Users/AllenLee/.rbenv/versions/1.9.3-p551/include/ruby-1.9.1/ruby/backward -I/Users/AllenLee/.rbenv/versions/1.9.3-p551/include/ruby-1.9.1 -I. -I/usr/local/opt/openssl/include -I/opt/local/include -I/usr/local/include -I/Users/AllenLee/.rbenv/versions/1.9.3-p551/include  -D_XOPEN_SOURCE -D_DARWIN_C_SOURCE  -I/Users/AllenLee/.rbenv/versions/1.9.3-p551/include   -O3 -Wno-error=shorten-64-to-32  -pipe  conftest.c  -L. -L/Users/AllenLee/.rbenv/versions/1.9.3-p551/lib -L/usr/local/opt/openssl/lib -L/opt/local/lib -L/usr/local/lib -L. -L/Users/AllenLee/.rbenv/versions/1.9.3-p551/lib       -lssl -lcrypto -lz -lcrypto -lssl -lcrypto -lssl -lcrypto -lssl -lcrypto -lssl -lruby-static  -lssl -lcrypto -lz -lcrypto -lssl -lcrypto -lssl -lcrypto -lssl -lcrypto -lssl -lpthread -ldl -lobjc "
ld: warning: directory not found for option '-L/opt/local/lib'
checked program was:
/* begin */
 1: #include "ruby.h"
 2: 
 3: /*top*/
 4: int t() { void ((*volatile p)()); p = (void ((*)()))clock_gettime; return 0; }
 5: int main(int argc, char **argv)
 6: {
 7:   if (argc > 1000000) {
 8:     printf("%p", &t);
 9:   }
10: 
11:   return 0;
12: }
/* end */

--------------------

have_const: checking for CLOCK_MONOTONIC_RAW in time.h... -------------------- yes

"clang -I/Users/AllenLee/.rbenv/versions/1.9.3-p551/include/ruby-1.9.1/x86_64-darwin16.3.0 -I/Users/AllenLee/.rbenv/versions/1.9.3-p551/include/ruby-1.9.1/ruby/backward -I/Users/AllenLee/.rbenv/versions/1.9.3-p551/include/ruby-1.9.1 -I. -I/usr/local/opt/openssl/include -I/opt/local/include -I/usr/local/include -I/Users/AllenLee/.rbenv/versions/1.9.3-p551/include  -D_XOPEN_SOURCE -D_DARWIN_C_SOURCE  -I/Users/AllenLee/.rbenv/versions/1.9.3-p551/include   -O3 -Wno-error=shorten-64-to-32  -pipe    -c conftest.c"
checked program was:
/* begin */
1: #include "ruby.h"
2: 
3: #include <time.h>
4: 
5: /*top*/
6: typedef int conftest_type;
7: conftest_type conftestval = (int)CLOCK_MONOTONIC_RAW;
/* end */

--------------------

have_const: checking for CLOCK_MONOTONIC in time.h... -------------------- yes

"clang -I/Users/AllenLee/.rbenv/versions/1.9.3-p551/include/ruby-1.9.1/x86_64-darwin16.3.0 -I/Users/AllenLee/.rbenv/versions/1.9.3-p551/include/ruby-1.9.1/ruby/backward -I/Users/AllenLee/.rbenv/versions/1.9.3-p551/include/ruby-1.9.1 -I. -I/usr/local/opt/openssl/include -I/opt/local/include -I/usr/local/include -I/Users/AllenLee/.rbenv/versions/1.9.3-p551/include  -D_XOPEN_SOURCE -D_DARWIN_C_SOURCE  -I/Users/AllenLee/.rbenv/versions/1.9.3-p551/include   -O3 -Wno-error=shorten-64-to-32  -pipe    -c conftest.c"
checked program was:
/* begin */
1: #include "ruby.h"
2: 
3: #include <time.h>
4: 
5: /*top*/
6: typedef int conftest_type;
7: conftest_type conftestval = (int)CLOCK_MONOTONIC;
/* end */

--------------------

"g++ -o conftest -I/Users/AllenLee/.rbenv/versions/1.9.3-p551/include/ruby-1.9.1/x86_64-darwin16.3.0 -I/Users/AllenLee/.rbenv/versions/1.9.3-p551/include/ruby-1.9.1/ruby/backward -I/Users/AllenLee/.rbenv/versions/1.9.3-p551/include/ruby-1.9.1 -I. -I/usr/local/opt/openssl/include -I/opt/local/include -I/usr/local/include -I/Users/AllenLee/.rbenv/versions/1.9.3-p551/include  -D_XOPEN_SOURCE -D_DARWIN_C_SOURCE  -I/Users/AllenLee/.rbenv/versions/1.9.3-p551/include   -O3 -Wno-error=shorten-64-to-32  -pipe  conftest.c  -L. -L/Users/AllenLee/.rbenv/versions/1.9.3-p551/lib -L/usr/local/opt/openssl/lib -L/opt/local/lib -L/usr/local/lib -L. -L/Users/AllenLee/.rbenv/versions/1.9.3-p551/lib       -lssl -lcrypto -lz -lcrypto -lssl -lcrypto -lssl -lcrypto -lssl -lcrypto -lssl -lruby-static -Wall -lpthread -ldl -lobjc "
clang: warning: treating 'c' input as 'c++' when in C++ mode, this behavior is deprecated
ld: warning: directory not found for option '-L/opt/local/lib'
checked program was:
/* begin */
1: #include "ruby.h"
2: 
3: int main() {return 0;}
/* end */

"g++ -o conftest -I/Users/AllenLee/.rbenv/versions/1.9.3-p551/include/ruby-1.9.1/x86_64-darwin16.3.0 -I/Users/AllenLee/.rbenv/versions/1.9.3-p551/include/ruby-1.9.1/ruby/backward -I/Users/AllenLee/.rbenv/versions/1.9.3-p551/include/ruby-1.9.1 -I. -I/usr/local/opt/openssl/include -I/opt/local/include -I/usr/local/include -I/Users/AllenLee/.rbenv/versions/1.9.3-p551/include  -D_XOPEN_SOURCE -D_DARWIN_C_SOURCE  -I/Users/AllenLee/.rbenv/versions/1.9.3-p551/include   -O3 -Wno-error=shorten-64-to-32  -pipe  conftest.c  -L. -L/Users/AllenLee/.rbenv/versions/1.9.3-p551/lib -L/usr/local/opt/openssl/lib -L/opt/local/lib -L/usr/local/lib -L. -L/Users/AllenLee/.rbenv/versions/1.9.3-p551/lib       -lssl -lcrypto -lz -lcrypto -lssl -lcrypto -lssl -lcrypto -lssl -lcrypto -lssl -lruby-static -Wextra -lpthread -ldl -lobjc "
clang: warning: treating 'c' input as 'c++' when in C++ mode, this behavior is deprecated
ld: warning: directory not found for option '-L/opt/local/lib'
checked program was:
/* begin */
1: #include "ruby.h"
2: 
3: int main() {return 0;}
/* end */

"g++ -o conftest -I/Users/AllenLee/.rbenv/versions/1.9.3-p551/include/ruby-1.9.1/x86_64-darwin16.3.0 -I/Users/AllenLee/.rbenv/versions/1.9.3-p551/include/ruby-1.9.1/ruby/backward -I/Users/AllenLee/.rbenv/versions/1.9.3-p551/include/ruby-1.9.1 -I. -I/usr/local/opt/openssl/include -I/opt/local/include -I/usr/local/include -I/Users/AllenLee/.rbenv/versions/1.9.3-p551/include  -D_XOPEN_SOURCE -D_DARWIN_C_SOURCE  -I/Users/AllenLee/.rbenv/versions/1.9.3-p551/include   -O3 -Wno-error=shorten-64-to-32  -pipe  conftest.c  -L. -L/Users/AllenLee/.rbenv/versions/1.9.3-p551/lib -L/usr/local/opt/openssl/lib -L/opt/local/lib -L/usr/local/lib -L. -L/Users/AllenLee/.rbenv/versions/1.9.3-p551/lib       -lssl -lcrypto -lz -lcrypto -lssl -lcrypto -lssl -lcrypto -lssl -lcrypto -lssl -lruby-static -Wno-deprecated-declarations -lpthread -ldl -lobjc "
clang: warning: treating 'c' input as 'c++' when in C++ mode, this behavior is deprecated
ld: warning: directory not found for option '-L/opt/local/lib'
checked program was:
/* begin */
1: #include "ruby.h"
2: 
3: int main() {return 0;}
/* end */

"g++ -o conftest -I/Users/AllenLee/.rbenv/versions/1.9.3-p551/include/ruby-1.9.1/x86_64-darwin16.3.0 -I/Users/AllenLee/.rbenv/versions/1.9.3-p551/include/ruby-1.9.1/ruby/backward -I/Users/AllenLee/.rbenv/versions/1.9.3-p551/include/ruby-1.9.1 -I. -I/usr/local/opt/openssl/include -I/opt/local/include -I/usr/local/include -I/Users/AllenLee/.rbenv/versions/1.9.3-p551/include  -D_XOPEN_SOURCE -D_DARWIN_C_SOURCE  -I/Users/AllenLee/.rbenv/versions/1.9.3-p551/include   -O3 -Wno-error=shorten-64-to-32  -pipe  conftest.c  -L. -L/Users/AllenLee/.rbenv/versions/1.9.3-p551/lib -L/usr/local/opt/openssl/lib -L/opt/local/lib -L/usr/local/lib -L. -L/Users/AllenLee/.rbenv/versions/1.9.3-p551/lib       -lssl -lcrypto -lz -lcrypto -lssl -lcrypto -lssl -lcrypto -lssl -lcrypto -lssl -lruby-static -Wno-ignored-qualifiers -lpthread -ldl -lobjc "
clang: warning: treating 'c' input as 'c++' when in C++ mode, this behavior is deprecated
ld: warning: directory not found for option '-L/opt/local/lib'
checked program was:
/* begin */
1: #include "ruby.h"
2: 
3: int main() {return 0;}
/* end */

"g++ -o conftest -I/Users/AllenLee/.rbenv/versions/1.9.3-p551/include/ruby-1.9.1/x86_64-darwin16.3.0 -I/Users/AllenLee/.rbenv/versions/1.9.3-p551/include/ruby-1.9.1/ruby/backward -I/Users/AllenLee/.rbenv/versions/1.9.3-p551/include/ruby-1.9.1 -I. -I/usr/local/opt/openssl/include -I/opt/local/include -I/usr/local/include -I/Users/AllenLee/.rbenv/versions/1.9.3-p551/include  -D_XOPEN_SOURCE -D_DARWIN_C_SOURCE  -I/Users/AllenLee/.rbenv/versions/1.9.3-p551/include   -O3 -Wno-error=shorten-64-to-32  -pipe  conftest.c  -L. -L/Users/AllenLee/.rbenv/versions/1.9.3-p551/lib -L/usr/local/opt/openssl/lib -L/opt/local/lib -L/usr/local/lib -L. -L/Users/AllenLee/.rbenv/versions/1.9.3-p551/lib       -lssl -lcrypto -lz -lcrypto -lssl -lcrypto -lssl -lcrypto -lssl -lcrypto -lssl -lruby-static -Wno-unused-result -lpthread -ldl -lobjc "
clang: warning: treating 'c' input as 'c++' when in C++ mode, this behavior is deprecated
ld: warning: directory not found for option '-L/opt/local/lib'
checked program was:
/* begin */
1: #include "ruby.h"
2: 
3: int main() {return 0;}
/* end */

"g++ -o conftest -I/Users/AllenLee/.rbenv/versions/1.9.3-p551/include/ruby-1.9.1/x86_64-darwin16.3.0 -I/Users/AllenLee/.rbenv/versions/1.9.3-p551/include/ruby-1.9.1/ruby/backward -I/Users/AllenLee/.rbenv/versions/1.9.3-p551/include/ruby-1.9.1 -I. -I/usr/local/opt/openssl/include -I/opt/local/include -I/usr/local/include -I/Users/AllenLee/.rbenv/versions/1.9.3-p551/include  -D_XOPEN_SOURCE -D_DARWIN_C_SOURCE  -I/Users/AllenLee/.rbenv/versions/1.9.3-p551/include   -O3 -Wno-error=shorten-64-to-32  -pipe  conftest.c  -L. -L/Users/AllenLee/.rbenv/versions/1.9.3-p551/lib -L/usr/local/opt/openssl/lib -L/opt/local/lib -L/usr/local/lib -L. -L/Users/AllenLee/.rbenv/versions/1.9.3-p551/lib       -lssl -lcrypto -lz -lcrypto -lssl -lcrypto -lssl -lcrypto -lssl -lcrypto -lssl -lruby-static -Wno-address -lpthread -ldl -lobjc "
clang: warning: treating 'c' input as 'c++' when in C++ mode, this behavior is deprecated
ld: warning: directory not found for option '-L/opt/local/lib'
checked program was:
/* begin */
1: #include "ruby.h"
2: 
3: int main() {return 0;}
/* end */

"g++ -o conftest -I/Users/AllenLee/.rbenv/versions/1.9.3-p551/include/ruby-1.9.1/x86_64-darwin16.3.0 -I/Users/AllenLee/.rbenv/versions/1.9.3-p551/include/ruby-1.9.1/ruby/backward -I/Users/AllenLee/.rbenv/versions/1.9.3-p551/include/ruby-1.9.1 -I. -I/usr/local/opt/openssl/include -I/opt/local/include -I/usr/local/include -I/Users/AllenLee/.rbenv/versions/1.9.3-p551/include  -D_XOPEN_SOURCE -D_DARWIN_C_SOURCE  -I/Users/AllenLee/.rbenv/versions/1.9.3-p551/include   -O3 -Wno-error=shorten-64-to-32  -pipe  conftest.c  -L. -L/Users/AllenLee/.rbenv/versions/1.9.3-p551/lib -L/usr/local/opt/openssl/lib -L/opt/local/lib -L/usr/local/lib -L. -L/Users/AllenLee/.rbenv/versions/1.9.3-p551/lib       -lssl -lcrypto -lz -lcrypto -lssl -lcrypto -lssl -lcrypto -lssl -lcrypto -lssl -lruby-static -lstdc++ -lpthread -ldl -lobjc "
clang: warning: treating 'c' input as 'c++' when in C++ mode, this behavior is deprecated
ld: warning: directory not found for option '-L/opt/local/lib'
checked program was:
/* begin */
1: #include "ruby.h"
2: 
3:   #include <utility>
4:   using namespace std;
5:   int main(){ pair<const int,int> tuple = make_pair(1,2); }
/* end */

